<?xml version="1.0" encoding="utf-8"?><testsuites><testsuite name="pytest" errors="0" failures="0" skipped="0" tests="149" time="145.027" timestamp="2026-09-10T19:42:35.647422+02:00" hostname="localhost"><properties><property name="hypothesis-statistics-tests/test_domain.py::test_money_roundtrip" value="dGVzdHMvdGVzdF9kb21haW4ucHk6OnRlc3RfbW9uZXlfcm91bmR0cmlwOgoKICAtIGR1cmluZyBnZW5lcmF0ZSBwaGFzZSAoMC4yNSBzZWNvbmRzKToKICAgIC0gVHlwaWNhbCBydW50aW1lczogPCAxbXMsIG9mIHdoaWNoIDwgMW1zIGluIGRhdGEgZ2VuZXJhdGlvbgogICAgLSAxMDAgcGFzc2luZyBleGFtcGxlcywgMCBmYWlsaW5nIGV4YW1wbGVzLCAwIGludmFsaWQgZXhhbXBsZXMKCiAgLSBTdG9wcGVkIGJlY2F1c2Ugc2V0dGluZ3MubWF4X2V4YW1wbGVzPTEwMA==" /></properties><testcase classname="tests.test_acceptance_traces" name="test_A7_fixedpoint_and_A8_undo_suppression" time="0.320" /><testcase classname="tests.test_acceptance_traces" name="test_C_strong_both_sides_ambiguity[1-2]" time="0.083" /><testcase classname="tests.test_acceptance_traces" name="test_C_strong_both_sides_ambiguity[2-1]" time="0.084" /><testcase classname="tests.test_acceptance_traces" name="test_A9_moved_root_and_orphan_preserved" time="7.095" /><testcase classname="tests.test_acceptance_traces" name="test_security_deposit_only_refresh_and_pruning" time="0.116" /><testcase classname="tests.test_api" name="test_full_and_empty" time="0.124" /><testcase classname="tests.test_api" name="test_failed_projection_preserves_graph" time="0.115" /><testcase classname="tests.test_api" name="test_detail_chain" time="0.096" /><testcase classname="tests.test_api" name="test_no_retry_for_bad_status[401-API_AUTH]" time="0.001" /><testcase classname="tests.test_api" name="test_no_retry_for_bad_status[403-API_AUTH]" time="0.001" /><testcase classname="tests.test_api" name="test_no_retry_for_bad_status[302-API_HTTP]" time="0.001" /><testcase classname="tests.test_api" name="test_no_retry_for_bad_status[204-API_HTTP]" time="0.001" /><testcase classname="tests.test_api" name="test_cursor_cycle" time="0.002" /><testcase classname="tests.test_api" name="test_context_switch" time="0.073" /><testcase classname="tests.test_api" name="test_override_undo" time="0.105" /><testcase classname="tests.test_api" name="test_detail_refresh_and_pruning" time="0.113" /><testcase classname="tests.test_api" name="test_stale_detail_is_preview" time="0.121" /><testcase classname="tests.test_api" name="test_resume_completed_block" time="0.125" /><testcase classname="tests.test_auto_forensic" name="test_preparation_error_finishes_operation" time="0.059" /><testcase classname="tests.test_auto_forensic" name="test_refreshing_helper_does_not_leave_running_operation" time="0.062" /><testcase classname="tests.test_auto_forensic" name="test_cancel_after_commit_keeps_group_and_reports_partial_result" time="0.171" /><testcase classname="tests.test_auto_forensic" name="test_last_moment_changes_are_rejected_inside_group_transaction[helper]" time="0.083" /><testcase classname="tests.test_auto_forensic" name="test_last_moment_changes_are_rejected_inside_group_transaction[settings]" time="0.083" /><testcase classname="tests.test_auto_forensic" name="test_last_moment_changes_are_rejected_inside_group_transaction[ownership]" time="0.084" /><testcase classname="tests.test_auto_forensic" name="test_last_moment_changes_are_rejected_inside_group_transaction[cancel]" time="0.081" /><testcase classname="tests.test_auto_forensic" name="test_error_after_first_commit_preserves_only_completed_groups" time="0.139" /><testcase classname="tests.test_auto_forensic" name="test_removed_reservation_cannot_become_weak_bank_evidence" time="0.179" /><testcase classname="tests.test_auto_forensic" name="test_unusable_helper_chain_never_commits_B[inactive_invoice]" time="0.149" /><testcase classname="tests.test_auto_forensic" name="test_unusable_helper_chain_never_commits_B[incomplete_link]" time="0.135" /><testcase classname="tests.test_auto_forensic" name="test_unusable_helper_chain_never_commits_B[reservation_currency]" time="0.140" /><testcase classname="tests.test_auto_forensic" name="test_unusable_helper_chain_never_commits_B[invoice_code_spaces]" time="0.151" /><testcase classname="tests.test_auto_forensic" name="test_booking_only_component_does_not_hit_cross_source_search_limit" time="0.354" /><testcase classname="tests.test_auto_forensic" name="test_pre_cancelled_request_does_not_start_or_mutate" time="0.051" /><testcase classname="tests.test_auto_forensic" name="test_manual_groups_are_not_auto_inputs" time="0.091" /><testcase classname="tests.test_auto_forensic" name="test_per_currency_summary_matches_actual_full_database" time="0.801" /><testcase classname="tests.test_auto_forensic" name="test_database_instances_share_financial_operation_gate" time="0.196" /><testcase classname="tests.test_auto_forensic" name="test_B_exact_combinations_and_ambiguity[cash_amounts0-booking_amounts0-1]" time="0.199" /><testcase classname="tests.test_auto_forensic" name="test_B_exact_combinations_and_ambiguity[cash_amounts1-booking_amounts1-1]" time="0.190" /><testcase classname="tests.test_auto_forensic" name="test_B_exact_combinations_and_ambiguity[cash_amounts2-booking_amounts2-1]" time="0.189" /><testcase classname="tests.test_auto_forensic" name="test_B_exact_combinations_and_ambiguity[cash_amounts3-booking_amounts3-1]" time="0.198" /><testcase classname="tests.test_auto_forensic" name="test_B_exact_combinations_and_ambiguity[cash_amounts4-booking_amounts4-1]" time="0.188" /><testcase classname="tests.test_auto_forensic" name="test_B_exact_combinations_and_ambiguity[cash_amounts5-booking_amounts5-0]" time="0.171" /><testcase classname="tests.test_auto_forensic" name="test_B_exact_combinations_and_ambiguity[cash_amounts6-booking_amounts6-0]" time="0.188" /><testcase classname="tests.test_auto_forensic" name="test_search_limit_discards_whole_B_component_and_blocks_D" time="0.137" /><testcase classname="tests.test_auto_forensic" name="test_legacy_uuid_order_suppression_is_respected" time="0.199" /><testcase classname="tests.test_auto_ui" name="test_auto_only_button_ignores_filters_blocks_double_click_and_shows_result[False]" time="9.106" /><testcase classname="tests.test_auto_ui" name="test_auto_only_button_ignores_filters_blocks_double_click_and_shows_result[True]" time="5.224" /><testcase classname="tests.test_column_filters" name="test_typed_filter_values_empty_selection_and_blank_sort" time="0.001" /><testcase classname="tests.test_column_filters" name="test_facets_ignore_only_own_filter" time="0.001" /><testcase classname="tests.test_column_filters" name="test_sql_filters_and_facets_cover_all_pages" time="0.697" /><testcase classname="tests.test_column_filters" name="test_every_work_column_has_sql_filter_and_facets[resolved]" time="0.067" /><testcase classname="tests.test_column_filters" name="test_every_work_column_has_sql_filter_and_facets[type]" time="0.056" /><testcase classname="tests.test_column_filters" name="test_every_work_column_has_sql_filter_and_facets[kinds]" time="0.059" /><testcase classname="tests.test_column_filters" name="test_every_work_column_has_sql_filter_and_facets[date]" time="0.060" /><testcase classname="tests.test_column_filters" name="test_every_work_column_has_sql_filter_and_facets[primary_identifier]" time="0.056" /><testcase classname="tests.test_column_filters" name="test_every_work_column_has_sql_filter_and_facets[description]" time="0.057" /><testcase classname="tests.test_column_filters" name="test_every_work_column_has_sql_filter_and_facets[leaf_count]" time="0.060" /><testcase classname="tests.test_column_filters" name="test_every_work_column_has_sql_filter_and_facets[amount]" time="0.060" /><testcase classname="tests.test_column_filters" name="test_every_work_column_has_sql_filter_and_facets[currency]" time="0.062" /><testcase classname="tests.test_column_filters" name="test_every_work_column_has_sql_filter_and_facets[difference]" time="0.059" /><testcase classname="tests.test_column_filters" name="test_every_work_column_has_sql_filter_and_facets[reason]" time="0.063" /><testcase classname="tests.test_column_filters" name="test_every_work_column_has_sql_filter_and_facets[note]" time="0.064" /><testcase classname="tests.test_column_filters" name="test_report_filters_do_not_leak_between_view_schemas" time="0.001" /><testcase classname="tests.test_completion" name="test_reservation_detail_contract" time="0.010" /><testcase classname="tests.test_completion" name="test_bucket_burst_and_refill" time="0.001" /><testcase classname="tests.test_completion" name="test_retry_after[61-API_RATE_LIMIT]" time="0.001" /><testcase classname="tests.test_completion" name="test_retry_after[NaN-None]" time="0.001" /><testcase classname="tests.test_completion" name="test_retry_after[invalid-None]" time="0.002" /><testcase classname="tests.test_completion" name="test_http_wall_deadline" time="0.022" /><testcase classname="tests.test_completion" name="test_schema_fail_cannot_be_overwritten" time="0.002" /><testcase classname="tests.test_completion" name="test_detail_identical_graph_and_revision" time="0.116" /><testcase classname="tests.test_completion" name="test_relation_snapshots_and_immutable_generation" time="0.086" /><testcase classname="tests.test_completion" name="test_parent_conflict_keeps_pointer" time="0.110" /><testcase classname="tests.test_completion" name="test_selected_export_ignores_filter" time="0.105" /><testcase classname="tests.test_completion" name="test_helper_historical_scope_and_closure" time="0.099" /><testcase classname="tests.test_completion" name="test_all_report_values_and_empty_schemas" time="0.130" /><testcase classname="tests.test_completion" name="test_export_cancel_preserves_existing" time="0.050" /><testcase classname="tests.test_completion" name="test_settings_atomic_and_proxy_secrets" time="0.070" /><testcase classname="tests.test_completion" name="test_move_verified_and_original_kept" time="0.105" /><testcase classname="tests.test_completion" name="test_recovery_of_corrupted_database" time="0.212" /><testcase classname="tests.test_completion" name="test_v1_migration_creates_verified_backup" time="0.054" /><testcase classname="tests.test_completion" name="test_work_filters_or_literal_and_sources_all" time="0.142" /><testcase classname="tests.test_completion" name="test_parent_currency_and_helper_code_not_guessed" time="0.086" /><testcase classname="tests.test_completion" name="test_membership_fault_rolls_back_all" time="0.085" /><testcase classname="tests.test_completion" name="test_export_rename_failure_preserves_previous" time="0.050" /><testcase classname="tests.test_completion" name="test_context_and_snapshot_identity_guards" time="0.079" /><testcase classname="tests.test_completion" name="test_diagnostic_sanitizes_technical_logs" time="0.049" /><testcase classname="tests.test_domain" name="test_money[1 250,50-125050]" time="0.000" /><testcase classname="tests.test_domain" name="test_money[-83.49--8349]" time="0.000" /><testcase classname="tests.test_domain" name="test_money[50.000-5000]" time="0.000" /><testcase classname="tests.test_domain" name="test_money[-0-0]" time="0.000" /><testcase classname="tests.test_domain" name="test_money[1\u202f250,50-125050]" time="0.000" /><testcase classname="tests.test_domain" name="test_invalid_money[1.005]" time="0.000" /><testcase classname="tests.test_domain" name="test_invalid_money[1,234.00]" time="0.000" /><testcase classname="tests.test_domain" name="test_invalid_money[1 25]" time="0.000" /><testcase classname="tests.test_domain" name="test_invalid_money[NaN]" time="0.000" /><testcase classname="tests.test_domain" name="test_invalid_money[Infinity]" time="0.000" /><testcase classname="tests.test_domain" name="test_invalid_money[1e3]" time="0.000" /><testcase classname="tests.test_domain" name="test_invalid_money[50 K\u010d]" time="0.000" /><testcase classname="tests.test_domain" name="test_invalid_money[(50)]" time="0.000" /><testcase classname="tests.test_domain" name="test_invalid_money[1,0001]" time="0.000" /><testcase classname="tests.test_domain" name="test_money_roundtrip" time="0.255" /><testcase classname="tests.test_domain" name="test_dst" time="0.001" /><testcase classname="tests.test_domain" name="test_identifiers" time="0.000" /><testcase classname="tests.test_domain" name="test_reference_decisions" time="0.000" /><testcase classname="tests.test_domain" name="test_merge" time="0.000" /><testcase classname="tests.test_domain" name="test_ambiguity" time="0.000" /><testcase classname="tests.test_domain" name="test_negative_combinations_and_limit" time="0.001" /><testcase classname="tests.test_gui" name="test_actual_widgets_import_select_group" time="5.991" /><testcase classname="tests.test_gui" name="test_settings_inline_validation_and_appearance" time="0.261" /><testcase classname="tests.test_gui" name="test_table_ctrl_a_and_text_undo_do_not_mutate" time="13.877" /><testcase classname="tests.test_imports" name="test_real_fixtures[cashbook_year.xls-CASHBOOK_CARD-1055-totals0]" time="0.156" /><testcase classname="tests.test_imports" name="test_real_fixtures[cashbook_week.xls-CASHBOOK_CARD-9-totals1]" time="0.003" /><testcase classname="tests.test_imports" name="test_real_fixtures[terminal.xlsx-BANK_CARD-56-totals2]" time="0.025" /><testcase classname="tests.test_imports" name="test_real_fixtures[booking_a.csv-BOOKING-21-totals3]" time="0.002" /><testcase classname="tests.test_imports" name="test_real_fixtures[booking_b.csv-BOOKING-25-totals4]" time="0.002" /><testcase classname="tests.test_imports" name="test_overlap[order0]" time="0.570" /><testcase classname="tests.test_imports" name="test_overlap[order1]" time="0.530" /><testcase classname="tests.test_imports" name="test_overlap_set[False]" time="0.579" /><testcase classname="tests.test_imports" name="test_overlap_set[True]" time="0.523" /><testcase classname="tests.test_imports" name="test_original_changed" time="0.065" /><testcase classname="tests.test_imports" name="test_stored_snapshot" time="0.091" /><testcase classname="tests.test_imports" name="test_atomic_failure" time="0.066" /><testcase classname="tests.test_imports" name="test_hard_conflict" time="0.095" /><testcase classname="tests.test_pairing_drag" name="test_drop_create_edit_resolved_detach_collapse_and_undo" time="0.116" /><testcase classname="tests.test_pairing_drag" name="test_transfer_member_is_one_command_and_keeps_financial_bytes" time="0.105" /><testcase classname="tests.test_pairing_drag" name="test_stale_parent_and_self_drop_have_no_partial_effect" time="0.079" /><testcase classname="tests.test_pairing_drag" name="test_group_to_unpair_zone_preserves_nested_group" time="0.088" /><testcase classname="tests.test_pairing_drag" name="test_transaction_failure_rolls_back_transfer" time="0.071" /><testcase classname="tests.test_pairing_drag" name="test_new_group_from_owned_members_updates_both_parents_atomically" time="0.093" /><testcase classname="tests.test_pairing_drag" name="test_manual_change_archives_auto_evidence_and_undo_restores_it" time="0.085" /><testcase classname="tests.test_pairing_drag" name="test_previous_auto_can_be_reenabled_without_pairing" time="0.095" /><testcase classname="tests.test_pairing_ui" name="test_actual_header_filter_menu_and_empty_selection" time="1.072" /><testcase classname="tests.test_pairing_ui" name="test_real_drop_route_pair_detach_and_undo" time="2.415" /><testcase classname="tests.test_pairing_ui" name="test_local_table_every_column_and_tree_context" time="0.004" /><testcase classname="tests.test_pairing_ui" name="test_foreign_or_malformed_drag_is_rejected" time="0.001" /><testcase classname="tests.test_pairing_ui" name="test_all_main_views_expose_sort_and_filter_on_every_column" time="76.783" /><testcase classname="tests.test_reports_backup" name="test_exports" time="2.236" /><testcase classname="tests.test_reports_backup" name="test_empty_schema" time="0.092" /><testcase classname="tests.test_reports_backup" name="test_backup_restore" time="0.198" /><testcase classname="tests.test_reports_backup" name="test_bad_backup_preserves_db" time="0.047" /><testcase classname="tests.test_work" name="test_tree" time="0.782" /><testcase classname="tests.test_work" name="test_undo_redo" time="0.646" /><testcase classname="tests.test_work" name="test_stale_and_currency" time="0.757" /><testcase classname="tests.test_work" name="test_immutable" time="0.627" /><testcase classname="tests.test_work" name="test_auto_and_suppression" time="1.625" /><testcase classname="tests.test_work" name="test_sequential_undo_redo" time="0.645" /><testcase classname="tests.test_work" name="test_historical_group_keeps_original_leaves" time="0.687" /><testcase classname="tests.test_work" name="test_mixed_selection_exports_as_two_reports" time="1.144" /></testsuite></testsuites>