<?xml version="1.0" encoding="utf-8"?><testsuites><testsuite name="pytest" errors="0" failures="0" skipped="0" tests="16" time="3.629" timestamp="2026-09-15T22:19:02.185789+02:00" hostname="DESKTOP-MRG3CP4"><testcase classname="tests.test_payment_presentation" name="test_czech_dates[1-ledna]" time="0.003" /><testcase classname="tests.test_payment_presentation" name="test_czech_dates[2-\xfanora]" time="0.016" /><testcase classname="tests.test_payment_presentation" name="test_czech_dates[3-b\u0159ezna]" time="0.003" /><testcase classname="tests.test_payment_presentation" name="test_czech_dates[4-dubna]" time="0.003" /><testcase classname="tests.test_payment_presentation" name="test_czech_dates[5-kv\u011btna]" time="0.002" /><testcase classname="tests.test_payment_presentation" name="test_czech_dates[6-\u010dervna]" time="0.002" /><testcase classname="tests.test_payment_presentation" name="test_czech_dates[7-\u010dervence]" time="0.003" /><testcase classname="tests.test_payment_presentation" name="test_czech_dates[8-srpna]" time="0.013" /><testcase classname="tests.test_payment_presentation" name="test_czech_dates[9-z\xe1\u0159\xed]" time="0.002" /><testcase classname="tests.test_payment_presentation" name="test_czech_dates[10-\u0159\xedjna]" time="0.002" /><testcase classname="tests.test_payment_presentation" name="test_czech_dates[11-listopadu]" time="0.003" /><testcase classname="tests.test_payment_presentation" name="test_czech_dates[12-prosince]" time="0.004" /><testcase classname="tests.test_payment_presentation" name="test_dates_keep_filter_tokens_and_chronological_order" time="0.004" /><testcase classname="tests.test_payment_presentation" name="test_unmatched_source_has_informational_reason" time="0.622" /><testcase classname="tests.test_payment_presentation" name="test_payment_ui_restores_old_layout_and_switches_sources" time="2.750" /><testcase classname="tests.test_payment_presentation" name="test_group_identifier_is_not_a_booking_reference" time="0.012" /></testsuite></testsuites>