<?xml version="1.0" encoding="utf-8"?><testsuites><testsuite name="pytest" errors="0" failures="0" skipped="0" tests="18" time="11.143" timestamp="2026-09-15T21:40:27.184350+02:00" hostname="DESKTOP-MRG3CP4"><testcase classname="tests.test_reset" name="test_full_reset_all_tables_and_artifacts" time="2.873" /><testcase classname="tests.test_reset" name="test_failed_delete_remains_pending_and_resumes" time="0.619" /><testcase classname="tests.test_reset" name="test_interruption_after_replacement_resumes" time="0.448" /><testcase classname="tests.test_reset" name="test_full_disk_preparation_preserves_old_data" time="0.358" /><testcase classname="tests.test_reset" name="test_custom_location_preserved_without_old_pointer_metadata" time="0.371" /><testcase classname="tests.test_reset" name="test_invalid_deletion_target_is_rejected" time="0.396" /><testcase classname="tests.test_reset" name="test_confirmation_requires_exact_word[-False]" time="0.435" /><testcase classname="tests.test_reset" name="test_confirmation_requires_exact_word[vymazat-False]" time="0.056" /><testcase classname="tests.test_reset" name="test_confirmation_requires_exact_word[VYMAZAT -False]" time="0.034" /><testcase classname="tests.test_reset" name="test_confirmation_requires_exact_word[VYMAZAT-True]" time="0.055" /><testcase classname="tests.test_reset" name="test_settings_reset_blocks_running_jobs[busy]" time="0.886" /><testcase classname="tests.test_reset" name="test_settings_reset_blocks_running_jobs[worker]" time="0.434" /><testcase classname="tests.test_reset" name="test_settings_reset_blocks_running_jobs[started_during_confirmation]" time="0.470" /><testcase classname="tests.test_reset" name="test_reset_button_restart_and_first_launch" time="1.560" /><testcase classname="tests.test_reset" name="test_legacy_copies_and_logs_removed" time="0.418" /><testcase classname="tests.test_reset" name="test_changed_folder_to_junction_blocks_deletion" time="0.553" /><testcase classname="tests.test_reset" name="test_pending_reset_never_opens_normal_window[close]" time="0.517" /><testcase classname="tests.test_reset" name="test_pending_reset_never_opens_normal_window[retry_failed]" time="0.383" /></testsuite></testsuites>