<?xml version="1.0" encoding="utf-8"?><testsuites><testsuite name="pytest" errors="0" failures="0" skipped="0" tests="91" time="31.692" timestamp="2026-09-10T12:46:10.104790+02:00" hostname="localhost"><properties><property name="hypothesis-statistics-tests/test_domain.py::test_money_roundtrip" value="dGVzdHMvdGVzdF9kb21haW4ucHk6OnRlc3RfbW9uZXlfcm91bmR0cmlwOgoKICAtIGR1cmluZyBnZW5lcmF0ZSBwaGFzZSAoMC4xMSBzZWNvbmRzKToKICAgIC0gVHlwaWNhbCBydW50aW1lczogPCAxbXMsIG9mIHdoaWNoIDwgMW1zIGluIGRhdGEgZ2VuZXJhdGlvbgogICAgLSAxMDAgcGFzc2luZyBleGFtcGxlcywgMCBmYWlsaW5nIGV4YW1wbGVzLCAwIGludmFsaWQgZXhhbXBsZXMKCiAgLSBTdG9wcGVkIGJlY2F1c2Ugc2V0dGluZ3MubWF4X2V4YW1wbGVzPTEwMA==" /></properties><testcase classname="tests.test_acceptance_traces" name="test_A7_fixedpoint_and_A8_undo_suppression" time="0.134" /><testcase classname="tests.test_acceptance_traces" name="test_C_strong_both_sides_ambiguity[1-2]" time="0.043" /><testcase classname="tests.test_acceptance_traces" name="test_C_strong_both_sides_ambiguity[2-1]" time="0.049" /><testcase classname="tests.test_acceptance_traces" name="test_A9_moved_root_and_orphan_preserved" time="7.053" /><testcase classname="tests.test_acceptance_traces" name="test_security_deposit_only_refresh_and_pruning" time="0.063" /><testcase classname="tests.test_api" name="test_full_and_empty" time="0.063" /><testcase classname="tests.test_api" name="test_failed_projection_preserves_graph" time="0.054" /><testcase classname="tests.test_api" name="test_detail_chain" time="0.046" /><testcase classname="tests.test_api" name="test_no_retry_for_bad_status[401-API_AUTH]" time="0.001" /><testcase classname="tests.test_api" name="test_no_retry_for_bad_status[403-API_AUTH]" time="0.001" /><testcase classname="tests.test_api" name="test_no_retry_for_bad_status[302-API_HTTP]" time="0.001" /><testcase classname="tests.test_api" name="test_no_retry_for_bad_status[204-API_HTTP]" time="0.000" /><testcase classname="tests.test_api" name="test_cursor_cycle" time="0.001" /><testcase classname="tests.test_api" name="test_context_switch" time="0.041" /><testcase classname="tests.test_api" name="test_override_undo" time="0.056" /><testcase classname="tests.test_api" name="test_detail_refresh_and_pruning" time="0.063" /><testcase classname="tests.test_api" name="test_stale_detail_is_preview" time="0.057" /><testcase classname="tests.test_api" name="test_resume_completed_block" time="0.060" /><testcase classname="tests.test_completion" name="test_reservation_detail_contract" time="0.002" /><testcase classname="tests.test_completion" name="test_bucket_burst_and_refill" time="0.000" /><testcase classname="tests.test_completion" name="test_retry_after[61-API_RATE_LIMIT]" time="0.001" /><testcase classname="tests.test_completion" name="test_retry_after[NaN-None]" time="0.001" /><testcase classname="tests.test_completion" name="test_retry_after[invalid-None]" time="0.001" /><testcase classname="tests.test_completion" name="test_http_wall_deadline" time="0.021" /><testcase classname="tests.test_completion" name="test_schema_fail_cannot_be_overwritten" time="0.002" /><testcase classname="tests.test_completion" name="test_detail_identical_graph_and_revision" time="0.060" /><testcase classname="tests.test_completion" name="test_relation_snapshots_and_immutable_generation" time="0.044" /><testcase classname="tests.test_completion" name="test_parent_conflict_keeps_pointer" time="0.056" /><testcase classname="tests.test_completion" name="test_selected_export_ignores_filter" time="0.041" /><testcase classname="tests.test_completion" name="test_helper_historical_scope_and_closure" time="0.049" /><testcase classname="tests.test_completion" name="test_all_report_values_and_empty_schemas" time="0.071" /><testcase classname="tests.test_completion" name="test_export_cancel_preserves_existing" time="0.026" /><testcase classname="tests.test_completion" name="test_settings_atomic_and_proxy_secrets" time="0.034" /><testcase classname="tests.test_completion" name="test_move_verified_and_original_kept" time="0.045" /><testcase classname="tests.test_completion" name="test_recovery_of_corrupted_database" time="0.099" /><testcase classname="tests.test_completion" name="test_v1_migration_creates_verified_backup" time="0.027" /><testcase classname="tests.test_completion" name="test_work_filters_or_literal_and_sources_all" time="0.078" /><testcase classname="tests.test_completion" name="test_parent_currency_and_helper_code_not_guessed" time="0.043" /><testcase classname="tests.test_completion" name="test_membership_fault_rolls_back_all" time="0.045" /><testcase classname="tests.test_completion" name="test_export_rename_failure_preserves_previous" time="0.027" /><testcase classname="tests.test_completion" name="test_context_and_snapshot_identity_guards" time="0.043" /><testcase classname="tests.test_completion" name="test_diagnostic_sanitizes_technical_logs" time="0.030" /><testcase classname="tests.test_domain" name="test_money[1 250,50-125050]" time="0.000" /><testcase classname="tests.test_domain" name="test_money[-83.49--8349]" time="0.001" /><testcase classname="tests.test_domain" name="test_money[50.000-5000]" time="0.000" /><testcase classname="tests.test_domain" name="test_money[-0-0]" time="0.000" /><testcase classname="tests.test_domain" name="test_money[1\u202f250,50-125050]" time="0.000" /><testcase classname="tests.test_domain" name="test_invalid_money[1.005]" time="0.000" /><testcase classname="tests.test_domain" name="test_invalid_money[1,234.00]" time="0.000" /><testcase classname="tests.test_domain" name="test_invalid_money[1 25]" time="0.001" /><testcase classname="tests.test_domain" name="test_invalid_money[NaN]" time="0.000" /><testcase classname="tests.test_domain" name="test_invalid_money[Infinity]" time="0.000" /><testcase classname="tests.test_domain" name="test_invalid_money[1e3]" time="0.000" /><testcase classname="tests.test_domain" name="test_invalid_money[50 K\u010d]" time="0.000" /><testcase classname="tests.test_domain" name="test_invalid_money[(50)]" time="0.000" /><testcase classname="tests.test_domain" name="test_invalid_money[1,0001]" time="0.000" /><testcase classname="tests.test_domain" name="test_money_roundtrip" time="0.118" /><testcase classname="tests.test_domain" name="test_dst" time="0.000" /><testcase classname="tests.test_domain" name="test_identifiers" time="0.000" /><testcase classname="tests.test_domain" name="test_reference_decisions" time="0.001" /><testcase classname="tests.test_domain" name="test_merge" time="0.000" /><testcase classname="tests.test_domain" name="test_ambiguity" time="0.000" /><testcase classname="tests.test_domain" name="test_negative_combinations_and_limit" time="0.000" /><testcase classname="tests.test_gui" name="test_actual_widgets_import_select_group" time="5.964" /><testcase classname="tests.test_gui" name="test_settings_inline_validation_and_appearance" time="0.351" /><testcase classname="tests.test_gui" name="test_table_ctrl_a_and_text_undo_do_not_mutate" time="9.805" /><testcase classname="tests.test_imports" name="test_real_fixtures[cashbook_year.xls-CASHBOOK_CARD-1055-totals0]" time="0.080" /><testcase classname="tests.test_imports" name="test_real_fixtures[cashbook_week.xls-CASHBOOK_CARD-9-totals1]" time="0.002" /><testcase classname="tests.test_imports" name="test_real_fixtures[terminal.xlsx-BANK_CARD-56-totals2]" time="0.015" /><testcase classname="tests.test_imports" name="test_real_fixtures[booking_a.csv-BOOKING-21-totals3]" time="0.002" /><testcase classname="tests.test_imports" name="test_real_fixtures[booking_b.csv-BOOKING-25-totals4]" time="0.001" /><testcase classname="tests.test_imports" name="test_overlap[order0]" time="0.352" /><testcase classname="tests.test_imports" name="test_overlap[order1]" time="0.308" /><testcase classname="tests.test_imports" name="test_overlap_set[False]" time="0.342" /><testcase classname="tests.test_imports" name="test_overlap_set[True]" time="0.290" /><testcase classname="tests.test_imports" name="test_original_changed" time="0.037" /><testcase classname="tests.test_imports" name="test_stored_snapshot" time="0.049" /><testcase classname="tests.test_imports" name="test_atomic_failure" time="0.034" /><testcase classname="tests.test_imports" name="test_hard_conflict" time="0.047" /><testcase classname="tests.test_reports_backup" name="test_exports" time="1.191" /><testcase classname="tests.test_reports_backup" name="test_empty_schema" time="0.045" /><testcase classname="tests.test_reports_backup" name="test_backup_restore" time="0.097" /><testcase classname="tests.test_reports_backup" name="test_bad_backup_preserves_db" time="0.025" /><testcase classname="tests.test_work" name="test_tree" time="0.406" /><testcase classname="tests.test_work" name="test_undo_redo" time="0.349" /><testcase classname="tests.test_work" name="test_stale_and_currency" time="0.431" /><testcase classname="tests.test_work" name="test_immutable" time="0.353" /><testcase classname="tests.test_work" name="test_auto_and_suppression" time="0.763" /><testcase classname="tests.test_work" name="test_sequential_undo_redo" time="0.360" /><testcase classname="tests.test_work" name="test_historical_group_keeps_original_leaves" time="0.401" /><testcase classname="tests.test_work" name="test_mixed_selection_exports_as_two_reports" time="0.564" /></testsuite></testsuites>