<?xml version="1.0" encoding="utf-8"?><testsuites><testsuite name="pytest" errors="0" failures="0" skipped="0" tests="260" time="264.181" timestamp="2026-09-15T22:42:45.388758+02:00" hostname="DESKTOP-MRG3CP4"><properties><property name="hypothesis-statistics-tests/test_domain.py::test_money_roundtrip" value="dGVzdHMvdGVzdF9kb21haW4ucHk6OnRlc3RfbW9uZXlfcm91bmR0cmlwOgoKICAtIGR1cmluZyBnZW5lcmF0ZSBwaGFzZSAoMC45MiBzZWNvbmRzKToKICAgIC0gVHlwaWNhbCBydW50aW1lczogfiAwLTIgbXMsIG9mIHdoaWNoIDwgMW1zIGluIGRhdGEgZ2VuZXJhdGlvbgogICAgLSAxMDAgcGFzc2luZyBleGFtcGxlcywgMCBmYWlsaW5nIGV4YW1wbGVzLCAwIGludmFsaWQgZXhhbXBsZXMKCiAgLSBTdG9wcGVkIGJlY2F1c2Ugc2V0dGluZ3MubWF4X2V4YW1wbGVzPTEwMA==" /></properties><testcase classname="tests.test_acceptance_traces" name="test_C_strong_both_sides_ambiguity[1-2]" time="0.392" /><testcase classname="tests.test_acceptance_traces" name="test_C_strong_both_sides_ambiguity[2-1]" time="0.403" /><testcase classname="tests.test_accounts" name="test_sample_only_identifiers_and_idempotence" time="0.573" /><testcase classname="tests.test_accounts" name="test_first_booking_wins_additional_vs_and_conflicting_vs" time="0.372" /><testcase classname="tests.test_accounts" name="test_exact_individual_matches[cash_amounts0-book_amounts0-1]" time="1.049" /><testcase classname="tests.test_accounts" name="test_exact_individual_matches[cash_amounts1-book_amounts1-0]" time="0.998" /><testcase classname="tests.test_accounts" name="test_exact_individual_matches[cash_amounts2-book_amounts2-0]" time="1.261" /><testcase classname="tests.test_accounts" name="test_exact_individual_matches[cash_amounts3-book_amounts3-0]" time="1.732" /><testcase classname="tests.test_accounts" name="test_exact_individual_matches[cash_amounts4-book_amounts4-0]" time="1.023" /><testcase classname="tests.test_accounts" name="test_exact_individual_matches[cash_amounts5-book_amounts5-0]" time="1.283" /><testcase classname="tests.test_accounts" name="test_exact_individual_matches[cash_amounts6-book_amounts6-1]" time="1.217" /><testcase classname="tests.test_accounts" name="test_ambiguous_vs_is_manual" time="0.807" /><testcase classname="tests.test_accounts" name="test_backup_preserves_references" time="1.125" /><testcase classname="tests.test_accounts" name="test_cancel_import_writes_no_references" time="0.372" /><testcase classname="tests.test_accounts" name="test_api_cannot_make_requests" time="0.002" /><testcase classname="tests.test_accounts" name="test_different_currency_and_missing_reference_stay_manual" time="0.645" /><testcase classname="tests.test_accounts" name="test_accounts_report_and_proof_export" time="0.705" /><testcase classname="tests.test_accounts" name="test_migrate_v2_preserves_group_and_creates_backup" time="0.597" /><testcase classname="tests.test_accounts" name="test_headers_selected_columns_and_leading_zeros[False-False]" time="0.006" /><testcase classname="tests.test_accounts" name="test_headers_selected_columns_and_leading_zeros[True-False]" time="0.002" /><testcase classname="tests.test_accounts" name="test_headers_selected_columns_and_leading_zeros[False-True]" time="0.002" /><testcase classname="tests.test_accounts_ui" name="test_manual_accounts_import_preview_and_helper_table" time="0.762" /><testcase classname="tests.test_auto_forensic" name="test_preparation_error_finishes_operation" time="0.212" /><testcase classname="tests.test_auto_forensic" name="test_refreshing_helper_does_not_leave_running_operation" time="0.297" /><testcase classname="tests.test_auto_forensic" name="test_cancel_after_commit_keeps_group_and_reports_partial_result" time="1.550" /><testcase classname="tests.test_auto_forensic" name="test_last_moment_changes_are_rejected_inside_group_transaction[helper]" time="0.343" /><testcase classname="tests.test_auto_forensic" name="test_last_moment_changes_are_rejected_inside_group_transaction[settings]" time="0.338" /><testcase classname="tests.test_auto_forensic" name="test_last_moment_changes_are_rejected_inside_group_transaction[ownership]" time="0.342" /><testcase classname="tests.test_auto_forensic" name="test_last_moment_changes_are_rejected_inside_group_transaction[cancel]" time="0.358" /><testcase classname="tests.test_auto_forensic" name="test_error_after_first_commit_preserves_only_completed_groups" time="0.719" /><testcase classname="tests.test_auto_forensic" name="test_booking_only_component_remains_manual" time="1.734" /><testcase classname="tests.test_auto_forensic" name="test_pre_cancelled_request_does_not_start_or_mutate" time="0.193" /><testcase classname="tests.test_auto_forensic" name="test_manual_groups_are_not_auto_inputs" time="0.956" /><testcase classname="tests.test_auto_forensic" name="test_per_currency_summary_matches_actual_full_database" time="8.499" /><testcase classname="tests.test_auto_forensic" name="test_database_instances_share_financial_operation_gate" time="0.334" /><testcase classname="tests.test_auto_progress" name="test_live_popup_reports_commits_and_closes_after_terminal_state[complete]" time="1.108" /><testcase classname="tests.test_auto_progress" name="test_live_popup_reports_commits_and_closes_after_terminal_state[cancel]" time="1.364" /><testcase classname="tests.test_auto_progress" name="test_live_popup_reports_commits_and_closes_after_terminal_state[error]" time="0.650" /><testcase classname="tests.test_auto_ui" name="test_auto_only_button_ignores_filters_blocks_double_click_and_shows_result[False]" time="1.354" /><testcase classname="tests.test_auto_ui" name="test_auto_only_button_ignores_filters_blocks_double_click_and_shows_result[True]" time="1.250" /><testcase classname="tests.test_booking_batch" name="test_files_committed_in_order_with_bad_file_between" time="0.679" /><testcase classname="tests.test_booking_batch" name="test_repeated_file_reports_saved_payments" time="0.596" /><testcase classname="tests.test_booking_batch" name="test_cancel_keeps_completed_files_and_lists_remaining" time="0.750" /><testcase classname="tests.test_booking_batch" name="test_skipped_unpaid_and_zero_payments_are_explained" time="0.305" /><testcase classname="tests.test_booking_batch" name="test_bad_row_blocks_only_its_file_and_explains_count" time="0.583" /><testcase classname="tests.test_booking_batch" name="test_picker_multiple_csv_one_confirmation_and_readable_result" time="0.946" /><testcase classname="tests.test_booking_metadata" name="test_stay_status_never_blocks_paid_payment[no_show]" time="0.290" /><testcase classname="tests.test_booking_metadata" name="test_stay_status_never_blocks_paid_payment[no-show]" time="0.285" /><testcase classname="tests.test_booking_metadata" name="test_stay_status_never_blocks_paid_payment[cancelled]" time="0.287" /><testcase classname="tests.test_booking_metadata" name="test_stay_status_never_blocks_paid_payment[unknown_future_status]" time="0.286" /><testcase classname="tests.test_booking_metadata" name="test_stay_status_never_blocks_paid_payment[]" time="0.493" /><testcase classname="tests.test_booking_metadata" name="test_metadata_changes_keep_existing_payment_and_do_not_duplicate" time="0.544" /><testcase classname="tests.test_booking_metadata" name="test_changed_payment_amount_still_rejected" time="0.455" /><testcase classname="tests.test_column_filters" name="test_typed_filter_values_empty_selection_and_blank_sort" time="0.001" /><testcase classname="tests.test_column_filters" name="test_facets_ignore_only_own_filter" time="0.001" /><testcase classname="tests.test_column_filters" name="test_sql_filters_and_facets_cover_all_pages" time="7.390" /><testcase classname="tests.test_column_filters" name="test_every_work_column_has_sql_filter_and_facets[resolved]" time="0.180" /><testcase classname="tests.test_column_filters" name="test_every_work_column_has_sql_filter_and_facets[type]" time="0.173" /><testcase classname="tests.test_column_filters" name="test_every_work_column_has_sql_filter_and_facets[kinds]" time="0.193" /><testcase classname="tests.test_column_filters" name="test_every_work_column_has_sql_filter_and_facets[date]" time="0.177" /><testcase classname="tests.test_column_filters" name="test_every_work_column_has_sql_filter_and_facets[primary_identifier]" time="0.176" /><testcase classname="tests.test_column_filters" name="test_every_work_column_has_sql_filter_and_facets[description]" time="0.373" /><testcase classname="tests.test_column_filters" name="test_every_work_column_has_sql_filter_and_facets[leaf_count]" time="0.181" /><testcase classname="tests.test_column_filters" name="test_every_work_column_has_sql_filter_and_facets[amount]" time="0.203" /><testcase classname="tests.test_column_filters" name="test_every_work_column_has_sql_filter_and_facets[currency]" time="0.179" /><testcase classname="tests.test_column_filters" name="test_every_work_column_has_sql_filter_and_facets[difference]" time="0.184" /><testcase classname="tests.test_column_filters" name="test_every_work_column_has_sql_filter_and_facets[reason]" time="0.169" /><testcase classname="tests.test_column_filters" name="test_every_work_column_has_sql_filter_and_facets[note]" time="0.172" /><testcase classname="tests.test_column_filters" name="test_report_filters_do_not_leak_between_view_schemas" time="0.004" /><testcase classname="tests.test_completion" name="test_selected_export_ignores_filter" time="0.373" /><testcase classname="tests.test_completion" name="test_all_report_values_and_empty_schemas" time="0.395" /><testcase classname="tests.test_completion" name="test_export_cancel_preserves_existing" time="0.153" /><testcase classname="tests.test_completion" name="test_settings_atomic_and_proxy_secrets" time="0.222" /><testcase classname="tests.test_completion" name="test_move_verified_and_original_kept" time="0.714" /><testcase classname="tests.test_completion" name="test_recovery_of_corrupted_database" time="1.193" /><testcase classname="tests.test_completion" name="test_v1_migration_creates_verified_backup" time="0.580" /><testcase classname="tests.test_completion" name="test_work_filters_or_literal_and_sources_all" time="1.146" /><testcase classname="tests.test_completion" name="test_membership_fault_rolls_back_all" time="0.434" /><testcase classname="tests.test_completion" name="test_export_rename_failure_preserves_previous" time="0.189" /><testcase classname="tests.test_completion" name="test_diagnostic_sanitizes_technical_logs" time="0.186" /><testcase classname="tests.test_domain" name="test_money[1 250,50-125050]" time="0.002" /><testcase classname="tests.test_domain" name="test_money[-83.49--8349]" time="0.002" /><testcase classname="tests.test_domain" name="test_money[50.000-5000]" time="0.001" /><testcase classname="tests.test_domain" name="test_money[-0-0]" time="0.001" /><testcase classname="tests.test_domain" name="test_money[1\u202f250,50-125050]" time="0.001" /><testcase classname="tests.test_domain" name="test_invalid_money[1.005]" time="0.001" /><testcase classname="tests.test_domain" name="test_invalid_money[1,234.00]" time="0.004" /><testcase classname="tests.test_domain" name="test_invalid_money[1 25]" time="0.001" /><testcase classname="tests.test_domain" name="test_invalid_money[NaN]" time="0.001" /><testcase classname="tests.test_domain" name="test_invalid_money[Infinity]" time="0.001" /><testcase classname="tests.test_domain" name="test_invalid_money[1e3]" time="0.001" /><testcase classname="tests.test_domain" name="test_invalid_money[50 K\u010d]" time="0.001" /><testcase classname="tests.test_domain" name="test_invalid_money[(50)]" time="0.001" /><testcase classname="tests.test_domain" name="test_invalid_money[1,0001]" time="0.001" /><testcase classname="tests.test_domain" name="test_money_roundtrip" time="0.930" /><testcase classname="tests.test_domain" name="test_terminal_edges_do_not_choose_arbitrary_duplicate_pairs" time="0.001" /><testcase classname="tests.test_domain" name="test_merge_enriches_null_projection_but_rejects_real_conflict" time="0.001" /><testcase classname="tests.test_domain" name="test_api_helper_money_rounds_calculated_fractional_cents" time="0.001" /><testcase classname="tests.test_domain" name="test_dst" time="0.001" /><testcase classname="tests.test_domain" name="test_reservation_source_aliases_are_normalized_and_merged" time="0.001" /><testcase classname="tests.test_domain" name="test_reservation_source_alias_variants[7-alias0-expected0]" time="0.002" /><testcase classname="tests.test_domain" name="test_reservation_source_alias_variants[Booking.com-alias1-expected1]" time="0.002" /><testcase classname="tests.test_domain" name="test_reservation_source_alias_variants[source2-alias2-expected2]" time="0.009" /><testcase classname="tests.test_domain" name="test_identifiers" time="0.002" /><testcase classname="tests.test_domain" name="test_reference_decisions" time="0.003" /><testcase classname="tests.test_domain" name="test_merge" time="0.001" /><testcase classname="tests.test_domain" name="test_ambiguity" time="0.001" /><testcase classname="tests.test_domain" name="test_negative_combinations_and_limit" time="0.001" /><testcase classname="tests.test_file_permissions" name="test_failed_publish_keeps_original_and_cleans_pending" time="0.017" /><testcase classname="tests.test_file_permissions" name="test_published_file_inherits_destination_permissions" time="0.048" /><testcase classname="tests.test_file_permissions" name="test_reset_and_backups_preserve_directory_access" time="2.550" /><testcase classname="tests.test_file_permissions" name="test_startup_access_failure_is_logged_and_explained" time="0.055" /><testcase classname="tests.test_file_permissions" name="test_failed_connection_setup_closes_handle" time="0.007" /><testcase classname="tests.test_forensic_regressions" name="test_booking_priority_and_no_terminal_fallback[50.00-1]" time="0.752" /><testcase classname="tests.test_forensic_regressions" name="test_booking_priority_and_no_terminal_fallback[50.01-0]" time="0.679" /><testcase classname="tests.test_forensic_regressions" name="test_booking_priority_and_no_terminal_fallback[None-0]" time="0.813" /><testcase classname="tests.test_forensic_regressions" name="test_same_day_terminal_ambiguity_stays_manual[1-2]" time="1.073" /><testcase classname="tests.test_forensic_regressions" name="test_same_day_terminal_ambiguity_stays_manual[2-1]" time="0.545" /><testcase classname="tests.test_forensic_regressions" name="test_same_day_terminal_ambiguity_stays_manual[2-2]" time="0.729" /><testcase classname="tests.test_forensic_regressions" name="test_terminal_conflicting_symbols_not_matched" time="0.362" /><testcase classname="tests.test_forensic_regressions" name="test_group_matching_is_manual_at_service_boundary" time="0.238" /><testcase classname="tests.test_forensic_regressions" name="test_every_static_application_error_has_human_explanation" time="0.544" /><testcase classname="tests.test_forensic_regressions" name="test_logging_concurrent_events_and_safe_trace" time="0.170" /><testcase classname="tests.test_forensic_regressions" name="test_import_commit_and_operation_state_are_atomic" time="0.480" /><testcase classname="tests.test_forensic_regressions" name="test_cancelled_commit_is_not_recorded_as_failure" time="0.311" /><testcase classname="tests.test_forensic_regressions" name="test_split_ampersand_is_not_hardcoded_to_one_company[H &amp;amp]" time="0.003" /><testcase classname="tests.test_forensic_regressions" name="test_split_ampersand_is_not_hardcoded_to_one_company[Jin\xe1 spole\u010dnost &amp;amp]" time="0.002" /><testcase classname="tests.test_forensic_regressions" name="test_repeat_import_records_known_occurrences" time="0.602" /><testcase classname="tests.test_forensic_regressions" name="test_unexpected_parser_failure_closes_operation" time="0.561" /><testcase classname="tests.test_forensic_regressions" name="test_history_summary_failure_does_not_hide_committed_booking" time="0.401" /><testcase classname="tests.test_forensic_regressions" name="test_multiple_file_history_uses_per_file_counts" time="0.638" /><testcase classname="tests.test_group_amount" name="test_group_amount_represents_cash_total_or_counterparts[entries0-11100-0]" time="0.227" /><testcase classname="tests.test_group_amount" name="test_group_amount_represents_cash_total_or_counterparts[entries1-11100-0]" time="0.278" /><testcase classname="tests.test_group_amount" name="test_group_amount_represents_cash_total_or_counterparts[entries2-11100-1100]" time="0.488" /><testcase classname="tests.test_group_amount" name="test_group_amount_represents_cash_total_or_counterparts[entries3--11100-0]" time="0.226" /><testcase classname="tests.test_group_amount" name="test_group_amount_represents_cash_total_or_counterparts[entries4-11100--11100]" time="0.226" /><testcase classname="tests.test_group_amount" name="test_group_amount_represents_cash_total_or_counterparts[entries5-0--6100]" time="0.238" /><testcase classname="tests.test_group_amount" name="test_nested_group_counts_each_payment_once" time="0.267" /><testcase classname="tests.test_group_amount" name="test_amount_sort_and_filters_use_payment_value" time="0.359" /><testcase classname="tests.test_gui" name="test_actual_widgets_import_select_group" time="2.739" /><testcase classname="tests.test_gui" name="test_settings_without_api_and_persisted_import_folder" time="0.536" /><testcase classname="tests.test_gui" name="test_table_ctrl_a_and_text_undo_do_not_mutate" time="30.462" /><testcase classname="tests.test_import_feedback" name="test_invalid_preview_reports_no_writes_and_persists_failure" time="0.571" /><testcase classname="tests.test_import_feedback" name="test_valid_cancel_and_legacy_invalid_history" time="0.538" /><testcase classname="tests.test_import_formats_ui" name="test_real_import_adapter_through_dialog[CASHBOOK_CARD-cashbook_week.xls-9]" time="0.762" /><testcase classname="tests.test_import_formats_ui" name="test_real_import_adapter_through_dialog[BANK_CARD-terminal.xlsx-56]" time="1.223" /><testcase classname="tests.test_import_formats_ui" name="test_real_import_adapter_through_dialog[BANK_CARD-terminal_synthetic.xls-1]" time="1.268" /><testcase classname="tests.test_import_formats_ui" name="test_real_import_adapter_through_dialog[BANK_CARD-terminal_synthetic.csv-1]" time="0.761" /><testcase classname="tests.test_imports" name="test_real_fixtures[cashbook_year.xls-CASHBOOK_CARD-1055-totals0]" time="0.543" /><testcase classname="tests.test_imports" name="test_real_fixtures[cashbook_week.xls-CASHBOOK_CARD-9-totals1]" time="0.016" /><testcase classname="tests.test_imports" name="test_real_fixtures[terminal.xlsx-BANK_CARD-56-totals2]" time="0.097" /><testcase classname="tests.test_imports" name="test_real_fixtures[booking_a.csv-BOOKING-21-totals3]" time="0.005" /><testcase classname="tests.test_imports" name="test_real_fixtures[booking_b.csv-BOOKING-25-totals4]" time="0.008" /><testcase classname="tests.test_imports" name="test_overlap[order0]" time="8.265" /><testcase classname="tests.test_imports" name="test_overlap[order1]" time="9.135" /><testcase classname="tests.test_imports" name="test_overlap_set[False]" time="8.062" /><testcase classname="tests.test_imports" name="test_overlap_set[True]" time="9.207" /><testcase classname="tests.test_imports" name="test_original_changed" time="0.389" /><testcase classname="tests.test_imports" name="test_stored_snapshot" time="0.695" /><testcase classname="tests.test_imports" name="test_atomic_failure" time="0.532" /><testcase classname="tests.test_imports" name="test_hard_conflict" time="0.859" /><testcase classname="tests.test_pairing_drag" name="test_drop_create_edit_resolved_detach_collapse_and_undo" time="0.491" /><testcase classname="tests.test_pairing_drag" name="test_transfer_member_is_one_command_and_keeps_financial_bytes" time="0.436" /><testcase classname="tests.test_pairing_drag" name="test_stale_parent_and_self_drop_have_no_partial_effect" time="0.316" /><testcase classname="tests.test_pairing_drag" name="test_group_to_unpair_zone_preserves_nested_group" time="0.653" /><testcase classname="tests.test_pairing_drag" name="test_transaction_failure_rolls_back_transfer" time="0.355" /><testcase classname="tests.test_pairing_drag" name="test_new_group_from_owned_members_updates_both_parents_atomically" time="0.515" /><testcase classname="tests.test_pairing_drag" name="test_manual_change_archives_auto_evidence_and_undo_restores_it" time="0.550" /><testcase classname="tests.test_pairing_drag" name="test_previous_auto_can_be_reenabled_without_pairing" time="0.412" /><testcase classname="tests.test_pairing_ui" name="test_actual_header_filter_menu_and_empty_selection" time="0.759" /><testcase classname="tests.test_pairing_ui" name="test_real_drop_route_pair_detach_and_undo" time="1.570" /><testcase classname="tests.test_pairing_ui" name="test_local_table_every_column_and_tree_context" time="0.007" /><testcase classname="tests.test_pairing_ui" name="test_foreign_or_malformed_drag_is_rejected" time="0.002" /><testcase classname="tests.test_pairing_ui" name="test_all_main_views_expose_sort_and_filter_on_visible_columns" time="14.704" /><testcase classname="tests.test_payment_presentation" name="test_czech_dates[1-ledna]" time="0.001" /><testcase classname="tests.test_payment_presentation" name="test_czech_dates[2-\xfanora]" time="0.001" /><testcase classname="tests.test_payment_presentation" name="test_czech_dates[3-b\u0159ezna]" time="0.001" /><testcase classname="tests.test_payment_presentation" name="test_czech_dates[4-dubna]" time="0.001" /><testcase classname="tests.test_payment_presentation" name="test_czech_dates[5-kv\u011btna]" time="0.001" /><testcase classname="tests.test_payment_presentation" name="test_czech_dates[6-\u010dervna]" time="0.002" /><testcase classname="tests.test_payment_presentation" name="test_czech_dates[7-\u010dervence]" time="0.001" /><testcase classname="tests.test_payment_presentation" name="test_czech_dates[8-srpna]" time="0.001" /><testcase classname="tests.test_payment_presentation" name="test_czech_dates[9-z\xe1\u0159\xed]" time="0.001" /><testcase classname="tests.test_payment_presentation" name="test_czech_dates[10-\u0159\xedjna]" time="0.001" /><testcase classname="tests.test_payment_presentation" name="test_czech_dates[11-listopadu]" time="0.001" /><testcase classname="tests.test_payment_presentation" name="test_czech_dates[12-prosince]" time="0.001" /><testcase classname="tests.test_payment_presentation" name="test_dates_keep_filter_tokens_and_chronological_order" time="0.002" /><testcase classname="tests.test_payment_presentation" name="test_unmatched_source_has_informational_reason" time="0.170" /><testcase classname="tests.test_payment_presentation" name="test_payment_ui_restores_old_layout_and_switches_sources" time="0.979" /><testcase classname="tests.test_payment_presentation" name="test_group_identifier_is_not_a_booking_reference" time="0.001" /><testcase classname="tests.test_reports_backup" name="test_exports" time="6.517" /><testcase classname="tests.test_reports_backup" name="test_empty_schema" time="0.353" /><testcase classname="tests.test_reports_backup" name="test_backup_restore" time="1.153" /><testcase classname="tests.test_reports_backup" name="test_bad_backup_preserves_db" time="0.177" /><testcase classname="tests.test_reset" name="test_full_reset_all_tables_and_artifacts" time="2.879" /><testcase classname="tests.test_reset" name="test_failed_delete_remains_pending_and_resumes" time="0.644" /><testcase classname="tests.test_reset" name="test_interruption_after_replacement_resumes" time="0.566" /><testcase classname="tests.test_reset" name="test_full_disk_preparation_preserves_old_data" time="0.507" /><testcase classname="tests.test_reset" name="test_custom_location_preserved_without_old_pointer_metadata" time="0.372" /><testcase classname="tests.test_reset" name="test_invalid_deletion_target_is_rejected" time="0.348" /><testcase classname="tests.test_reset" name="test_confirmation_requires_exact_word[-False]" time="0.010" /><testcase classname="tests.test_reset" name="test_confirmation_requires_exact_word[vymazat-False]" time="0.008" /><testcase classname="tests.test_reset" name="test_confirmation_requires_exact_word[VYMAZAT -False]" time="0.008" /><testcase classname="tests.test_reset" name="test_confirmation_requires_exact_word[VYMAZAT-True]" time="0.008" /><testcase classname="tests.test_reset" name="test_settings_reset_blocks_running_jobs[busy]" time="0.341" /><testcase classname="tests.test_reset" name="test_settings_reset_blocks_running_jobs[worker]" time="1.550" /><testcase classname="tests.test_reset" name="test_settings_reset_blocks_running_jobs[started_during_confirmation]" time="0.541" /><testcase classname="tests.test_reset" name="test_reset_button_restart_and_first_launch" time="1.401" /><testcase classname="tests.test_reset" name="test_legacy_copies_and_logs_removed" time="0.625" /><testcase classname="tests.test_reset" name="test_changed_folder_to_junction_blocks_deletion" time="0.529" /><testcase classname="tests.test_reset" name="test_pending_reset_never_opens_normal_window[close]" time="0.324" /><testcase classname="tests.test_reset" name="test_pending_reset_never_opens_normal_window[retry_failed]" time="0.316" /><testcase classname="tests.test_source_alias_regression" name="test_observed_source_alias[e67d16b9-64ec-ac15-cd7d-06602e308dd2-False]" time="0.002" /><testcase classname="tests.test_source_alias_regression" name="test_observed_source_alias[e67d16b9-64ec-ac15-cd7d-06602e308dd2-True]" time="0.002" /><testcase classname="tests.test_source_alias_regression" name="test_observed_source_alias[None-False]" time="0.001" /><testcase classname="tests.test_source_alias_regression" name="test_observed_source_alias[None-True]" time="0.001" /><testcase classname="tests.test_source_alias_regression" name="test_observed_source_alias[source2-False]" time="0.002" /><testcase classname="tests.test_source_alias_regression" name="test_observed_source_alias[source2-True]" time="0.001" /><testcase classname="tests.test_source_alias_regression" name="test_observed_source_alias[source3-False]" time="0.001" /><testcase classname="tests.test_source_alias_regression" name="test_observed_source_alias[source3-True]" time="0.001" /><testcase classname="tests.test_source_alias_regression" name="test_conflicting_source_is_rejected" time="0.001" /><testcase classname="tests.test_source_alias_regression" name="test_internal_id_alias_conflict" time="0.001" /><testcase classname="tests.test_source_alias_regression" name="test_both_null" time="0.001" /><testcase classname="tests.test_source_alias_regression" name="test_observed_invoice_empty_uuid_alias" time="0.001" /><testcase classname="tests.test_source_alias_regression" name="test_bill_item_archive_flag[False]" time="0.001" /><testcase classname="tests.test_source_alias_regression" name="test_bill_item_archive_flag[True]" time="0.002" /><testcase classname="tests.test_source_alias_regression" name="test_observed_security_deposit_breakdown" time="0.001" /><testcase classname="tests.test_source_alias_regression" name="test_known_entity_id_survives_empty_alias[raw0]" time="0.001" /><testcase classname="tests.test_source_alias_regression" name="test_known_entity_id_survives_empty_alias[raw1]" time="0.002" /><testcase classname="tests.test_source_alias_regression" name="test_known_entity_id_survives_empty_alias[raw2]" time="0.001" /><testcase classname="tests.test_source_alias_regression" name="test_entity_identity_conflict_is_not_suppressed" time="0.001" /><testcase classname="tests.test_source_alias_regression" name="test_real_source_name_conflict_is_not_suppressed" time="0.001" /><testcase classname="tests.test_sync_conflicts_progress" name="test_identical_occurrences_and_parent_identity" time="0.002" /><testcase classname="tests.test_sync_conflicts_progress" name="test_deposit_breakdown_is_not_treated_as_invoice_rows" time="0.001" /><testcase classname="tests.test_sync_conflicts_progress" name="test_progress_does_not_add_details_to_reservations" time="0.248" /><testcase classname="tests.test_sync_graph_guard" name="test_publication_guard_keeps_all_graph_checks[None-None]" time="0.776" /><testcase classname="tests.test_sync_graph_guard" name="test_publication_guard_keeps_all_graph_checks[inactive_orphan-None]" time="0.198" /><testcase classname="tests.test_sync_graph_guard" name="test_publication_guard_keeps_all_graph_checks[orphan_cycle-NO_ACTIVE_ROOT_PATH]" time="0.186" /><testcase classname="tests.test_sync_graph_guard" name="test_publication_guard_keeps_all_graph_checks[incomplete_edge-HELPER_EDGE_INCOMPLETE]" time="0.184" /><testcase classname="tests.test_sync_graph_guard" name="test_publication_guard_keeps_all_graph_checks[incomplete_target-HELPER_EDGE_INCOMPLETE]" time="0.183" /><testcase classname="tests.test_sync_graph_guard" name="test_publication_guard_keeps_all_graph_checks[missing_coverage-COVERAGE_INCOMPLETE]" time="0.180" /><testcase classname="tests.test_sync_graph_guard" name="test_large_graph_does_not_recompute_reachability_per_entity" time="0.565" /><testcase classname="tests.test_sync_period" name="test_start_setting_initialized_and_preserved[None]" time="0.248" /><testcase classname="tests.test_sync_period" name="test_start_setting_initialized_and_preserved[]" time="0.239" /><testcase classname="tests.test_sync_period" name="test_start_setting_initialized_and_preserved[2026-02-03]" time="0.402" /><testcase classname="tests.test_sync_period" name="test_invalid_date_rejected[]" time="0.157" /><testcase classname="tests.test_sync_period" name="test_invalid_date_rejected[None]" time="0.125" /><testcase classname="tests.test_sync_period" name="test_invalid_date_rejected[bad]" time="0.132" /><testcase classname="tests.test_sync_period" name="test_invalid_date_rejected[2026-02-30]" time="0.126" /><testcase classname="tests.test_sync_period" name="test_invalid_date_rejected[20260101]" time="0.126" /><testcase classname="tests.test_sync_period" name="test_future_date_rejected" time="0.124" /><testcase classname="tests.test_work" name="test_tree" time="7.859" /><testcase classname="tests.test_work" name="test_undo_redo" time="7.342" /><testcase classname="tests.test_work" name="test_stale_and_currency" time="7.728" /><testcase classname="tests.test_work" name="test_immutable" time="7.339" /><testcase classname="tests.test_work" name="test_auto_and_suppression" time="1.298" /><testcase classname="tests.test_work" name="test_sequential_undo_redo" time="7.759" /><testcase classname="tests.test_work" name="test_historical_group_keeps_original_leaves" time="7.830" /><testcase classname="tests.test_work" name="test_mixed_selection_exports_as_two_reports" time="11.547" /><testcase classname="tests.test_work" name="test_sequential_undo_redo_with_equal_membership_timestamps" time="8.383" /></testsuite></testsuites>